<?xml version="1.0" encoding="UTF-8"?>
<!-- Generated by org.testng.reporters.JUnitXMLReporter -->
<testsuite ignored="0" hostname="Sampath-Laptop" failures="0" tests="3" name="Default test" time="2.919" errors="0" timestamp="2024-09-28T17:26:36 IST">
  <testcase classname="files.DynamicJson" name="addBook" time="2.474"/>
  <testcase classname="files.DynamicJson" name="addBook" time="0.196"/>
  <testcase classname="files.DynamicJson" name="addBook" time="0.196"/>
</testsuite> <!-- Default test -->
