<?xml version="1.0" encoding="UTF-8"?>
<testng-results ignored="0" total="3" passed="3" failed="0" skipped="0">
  <reporter-output>
  </reporter-output>
  <suite started-at="2024-09-28T17:26:33 IST" name="Default suite" finished-at="2024-09-28T17:26:36 IST" duration-ms="2919">
    <groups>
    </groups>
    <test started-at="2024-09-28T17:26:33 IST" name="Default test" finished-at="2024-09-28T17:26:36 IST" duration-ms="2919">
      <class name="files.DynamicJson">
        <test-method signature="addBook(java.lang.String,java.lang.String)[pri:0, instance:files.DynamicJson@26e356f0]" started-at="2024-09-28T17:26:33 IST" name="addBook" data-provider="BooksData" finished-at="2024-09-28T17:26:36 IST" duration-ms="2474" status="PASS">
          <params>
            <param index="0">
              <value>
                <![CDATA[hkjd]]>
              </value>
            </param>
            <param index="1">
              <value>
                <![CDATA[4565]]>
              </value>
            </param>
          </params>
          <reporter-output>
          </reporter-output>
        </test-method> <!-- addBook -->
        <test-method signature="addBook(java.lang.String,java.lang.String)[pri:0, instance:files.DynamicJson@26e356f0]" started-at="2024-09-28T17:26:36 IST" name="addBook" data-provider="BooksData" finished-at="2024-09-28T17:26:36 IST" duration-ms="196" status="PASS">
          <params>
            <param index="0">
              <value>
                <![CDATA[hdsjd]]>
              </value>
            </param>
            <param index="1">
              <value>
                <![CDATA[8454]]>
              </value>
            </param>
          </params>
          <reporter-output>
          </reporter-output>
        </test-method> <!-- addBook -->
        <test-method signature="addBook(java.lang.String,java.lang.String)[pri:0, instance:files.DynamicJson@26e356f0]" started-at="2024-09-28T17:26:36 IST" name="addBook" data-provider="BooksData" finished-at="2024-09-28T17:26:36 IST" duration-ms="196" status="PASS">
          <params>
            <param index="0">
              <value>
                <![CDATA[jsnk]]>
              </value>
            </param>
            <param index="1">
              <value>
                <![CDATA[8752]]>
              </value>
            </param>
          </params>
          <reporter-output>
          </reporter-output>
        </test-method> <!-- addBook -->
      </class> <!-- files.DynamicJson -->
    </test> <!-- Default test -->
  </suite> <!-- Default suite -->
</testng-results>
